==27311== Memcheck, a memory error detector
==27311== Copyright (C) 2002-2017, and GNU GPL'd, by Julian Seward et al.
==27311== Using Valgrind-3.14.0 and LibVEX; rerun with -h for copyright info
==27311== Command: ./a.out
==27311== Parent PID: 27309
==27311== 
==27311== 
==27311== FILE DESCRIPTORS: 4 open at exit.
==27311== Open file descriptor 3: /net/144.38.192.85/mnt/localdisks/home.ad/ms/mthomas/CS-2810/c-wordle/valgrind.log
==27311==    <inherited from parent>
==27311== 
==27311== Open file descriptor 2: /dev/pts/17
==27311==    <inherited from parent>
==27311== 
==27311== Open file descriptor 1: /dev/pts/17
==27311==    <inherited from parent>
==27311== 
==27311== Open file descriptor 0: /dev/pts/17
==27311==    <inherited from parent>
==27311== 
==27311== 
==27311== HEAP SUMMARY:
==27311==     in use at exit: 0 bytes in 0 blocks
==27311==   total heap usage: 12,985 allocs, 12,985 frees, 349,488 bytes allocated
==27311== 
==27311== All heap blocks were freed -- no leaks are possible
==27311== 
==27311== For counts of detected and suppressed errors, rerun with: -v
==27311== ERROR SUMMARY: 0 errors from 0 contexts (suppressed: 0 from 0)
